Sourcing SBCI config file
Begin processing SBCI grid: Mon Oct 10 15:41:12 EDT 2022
Saving /pine/scr/m/r/mrcole/ABCD/SBCI_AVG//lh_white_avg.vtk as a surface
Saving /pine/scr/m/r/mrcole/ABCD/SBCI_AVG//rh_white_avg.vtk as a surface
Saving /pine/scr/m/r/mrcole/ABCD/SBCI_AVG//lh_sphere_avg.vtk as a surface
Saving /pine/scr/m/r/mrcole/ABCD/SBCI_AVG//rh_sphere_avg.vtk as a surface
Saving /pine/scr/m/r/mrcole/ABCD/SBCI_AVG//lh_inflated_avg.vtk as a surface
Saving /pine/scr/m/r/mrcole/ABCD/SBCI_AVG//rh_inflated_avg.vtk as a surface
/nas/longleaf/home/mrcole/.conda/envs/set27/lib/python2.7/site-packages/vtk/util/numpy_support.py:137: FutureWarning: Conversion of the second argument of issubdtype from `complex` to `np.complexfloating` is deprecated. In future, it will be treated as `np.complex128 == np.dtype(complex).type`.
  assert not numpy.issubdtype(z.dtype, complex), \
/nas/longleaf/home/mrcole/.conda/envs/set27/lib/python2.7/site-packages/vtk/util/numpy_support.py:137: FutureWarning: Conversion of the second argument of issubdtype from `complex` to `np.complexfloating` is deprecated. In future, it will be treated as `np.complex128 == np.dtype(complex).type`.
  assert not numpy.issubdtype(z.dtype, complex), \
/nas/longleaf/home/mrcole/.conda/envs/set27/lib/python2.7/site-packages/vtk/util/numpy_support.py:137: FutureWarning: Conversion of the second argument of issubdtype from `complex` to `np.complexfloating` is deprecated. In future, it will be treated as `np.complex128 == np.dtype(complex).type`.
  assert not numpy.issubdtype(z.dtype, complex), \
/nas/longleaf/home/mrcole/.conda/envs/set27/lib/python2.7/site-packages/vtk/util/numpy_support.py:137: FutureWarning: Conversion of the second argument of issubdtype from `complex` to `np.complexfloating` is deprecated. In future, it will be treated as `np.complex128 == np.dtype(complex).type`.
  assert not numpy.issubdtype(z.dtype, complex), \
/nas/longleaf/home/mrcole/.conda/envs/set27/lib/python2.7/site-packages/vtk/util/numpy_support.py:137: FutureWarning: Conversion of the second argument of issubdtype from `complex` to `np.complexfloating` is deprecated. In future, it will be treated as `np.complex128 == np.dtype(complex).type`.
  assert not numpy.issubdtype(z.dtype, complex), \
/nas/longleaf/home/mrcole/.conda/envs/set27/lib/python2.7/site-packages/vtk/util/numpy_support.py:137: FutureWarning: Conversion of the second argument of issubdtype from `complex` to `np.complexfloating` is deprecated. In future, it will be treated as `np.complex128 == np.dtype(complex).type`.
  assert not numpy.issubdtype(z.dtype, complex), \
INFO:root:Overwriting "/pine/scr/m/r/mrcole/ABCD/SBCI_AVG//grid_ids_ico4.npz".
INFO:root:Resampling to icosphere resolution: 4.
INFO:root:Overwriting "/pine/scr/m/r/mrcole/ABCD/SBCI_AVG//lh_sphere_avg_ico4.vtk".
INFO:root:Loading and resampling .vtk surface.
INFO:root:Merged 0 points during triangulation.
INFO:root:Overwriting "/pine/scr/m/r/mrcole/ABCD/SBCI_AVG//rh_sphere_avg_ico4.vtk".
INFO:root:Loading and resampling .vtk surface.
INFO:root:Merged 0 points during triangulation.
INFO:root:Overwriting "/pine/scr/m/r/mrcole/ABCD/SBCI_AVG//mapping_avg_ico4.npz".
INFO:root:Overwriting "/pine/scr/m/r/mrcole/ABCD/SBCI_AVG//mapping_avg_ico4.mat".
INFO:root:Loading .vtk surfaces, mapping, and intersections.
INFO:root:Snapping mesh to nearest downsampled vertices.
INFO:root:Overwriting "/pine/scr/m/r/mrcole/ABCD/SBCI_AVG//lh_white_avg_lps_ico4.vtk".
INFO:root:Overwriting "/pine/scr/m/r/mrcole/ABCD/SBCI_AVG//rh_white_avg_lps_ico4.vtk".
INFO:root:Loading and resampling .vtk surface.
INFO:root:Overwriting "/pine/scr/m/r/mrcole/ABCD/SBCI_AVG//lh_inflated_avg_lps_ico4.vtk".
INFO:root:Overwriting "/pine/scr/m/r/mrcole/ABCD/SBCI_AVG//rh_inflated_avg_lps_ico4.vtk".
INFO:root:Loading and resampling .vtk surface.
INFO:root:Loading and converting the .vtk surface.
INFO:root:Loading and converting the .vtk surface.
INFO:root:Overwriting "/pine/scr/m/r/mrcole/ABCD/SBCI_AVG//lh_grid_avg_ico4.m".
INFO:root:Loading and normalising the .m surface.
INFO:root:Overwriting "/pine/scr/m/r/mrcole/ABCD/SBCI_AVG//rh_grid_avg_ico4.m".
INFO:root:Loading and normalising the .m surface.
INFO:root:Overwriting "/pine/scr/m/r/mrcole/ABCD/SBCI_AVG//lh_grid_avg_ico4.vtk".
INFO:root:Loading and normalising the .vtk surface.
INFO:root:Overwriting "/pine/scr/m/r/mrcole/ABCD/SBCI_AVG//rh_grid_avg_ico4.vtk".
INFO:root:Loading and normalising the .vtk surface.
INFO:root:Overwriting "/pine/scr/m/r/mrcole/ABCD/SBCI_AVG//lh_sphere_avg_norm.vtk".
INFO:root:Loading and normalising the .vtk surface.
INFO:root:Overwriting "/pine/scr/m/r/mrcole/ABCD/SBCI_AVG//rh_sphere_avg_norm.vtk".
INFO:root:Loading and normalising the .vtk surface.
INFO:root:Overwriting "/pine/scr/m/r/mrcole/ABCD/SBCI_AVG//grid_coords_ico4.mat".
INFO:root:Overwriting "/pine/scr/m/r/mrcole/ABCD/SBCI_AVG//grid_coords_ico4.npz".
INFO:root:Overwriting "/pine/scr/m/r/mrcole/ABCD/SBCI_AVG//adjacency_ico4.mat".
Processing Parcellation: aparc.a2005s
INFO:root:Overwriting "/pine/scr/m/r/mrcole/ABCD/SBCI_AVG//aparc.a2005s_avg_roi_ico4.npz".
INFO:root:Overwriting "/pine/scr/m/r/mrcole/ABCD/SBCI_AVG//aparc.a2005s_avg_roi_ico4.npz".
INFO:root:Number of LH vertices: 2562
INFO:root:Number of RH vertices: 2562
INFO:root:Number of LH ROIs: 77
INFO:root:Number of RH ROIs: 78
Processing Parcellation: aparc.a2009s
INFO:root:Overwriting "/pine/scr/m/r/mrcole/ABCD/SBCI_AVG//aparc.a2009s_avg_roi_ico4.npz".
INFO:root:Overwriting "/pine/scr/m/r/mrcole/ABCD/SBCI_AVG//aparc.a2009s_avg_roi_ico4.npz".
INFO:root:Number of LH vertices: 2562
INFO:root:Number of RH vertices: 2562
INFO:root:Number of LH ROIs: 75
INFO:root:Number of RH ROIs: 75
Processing Parcellation: aparc
INFO:root:Overwriting "/pine/scr/m/r/mrcole/ABCD/SBCI_AVG//aparc_avg_roi_ico4.npz".
INFO:root:Overwriting "/pine/scr/m/r/mrcole/ABCD/SBCI_AVG//aparc_avg_roi_ico4.npz".
INFO:root:Number of LH vertices: 2562
INFO:root:Number of RH vertices: 2562
INFO:root:Number of LH ROIs: 35
INFO:root:Number of RH ROIs: 35
Processing Parcellation: BN_Atlas
INFO:root:Overwriting "/pine/scr/m/r/mrcole/ABCD/SBCI_AVG//BN_Atlas_avg_roi_ico4.npz".
INFO:root:Overwriting "/pine/scr/m/r/mrcole/ABCD/SBCI_AVG//BN_Atlas_avg_roi_ico4.npz".
INFO:root:Number of LH vertices: 2562
INFO:root:Number of RH vertices: 2562
INFO:root:Number of LH ROIs: 107
INFO:root:Number of RH ROIs: 106
Processing Parcellation: fs_LR.aparc.a2005s
INFO:root:Number of LH vertices: 2562
INFO:root:Number of RH vertices: 2562
Traceback (most recent call last):
  File "/nas/longleaf/home/mrcole/SBCI_Pipeline//scripts/group_roi_vertices.py", line 146, in <module>
    main()
  File "/nas/longleaf/home/mrcole/SBCI_Pipeline//scripts/group_roi_vertices.py", line 106, in main
    lh_vertices = np.array([stats.mode(lh_labels[mapping[i]])[0][0] for i in range(shape[1])])
IndexError: index 40962 is out of bounds for axis 0 with size 32492
Processing Parcellation: fs_LR.aparc.a2005s_MSMALL
INFO:root:Number of LH vertices: 2562
INFO:root:Number of RH vertices: 2562
Traceback (most recent call last):
  File "/nas/longleaf/home/mrcole/SBCI_Pipeline//scripts/group_roi_vertices.py", line 146, in <module>
    main()
  File "/nas/longleaf/home/mrcole/SBCI_Pipeline//scripts/group_roi_vertices.py", line 106, in main
    lh_vertices = np.array([stats.mode(lh_labels[mapping[i]])[0][0] for i in range(shape[1])])
IndexError: index 40962 is out of bounds for axis 0 with size 32492
Processing Parcellation: fs_LR.aparc.a2009s
INFO:root:Number of LH vertices: 2562
INFO:root:Number of RH vertices: 2562
Traceback (most recent call last):
  File "/nas/longleaf/home/mrcole/SBCI_Pipeline//scripts/group_roi_vertices.py", line 146, in <module>
    main()
  File "/nas/longleaf/home/mrcole/SBCI_Pipeline//scripts/group_roi_vertices.py", line 106, in main
    lh_vertices = np.array([stats.mode(lh_labels[mapping[i]])[0][0] for i in range(shape[1])])
IndexError: index 40962 is out of bounds for axis 0 with size 32492
Processing Parcellation: fs_LR.aparc.a2009s_MSMALL
INFO:root:Number of LH vertices: 2562
INFO:root:Number of RH vertices: 2562
Traceback (most recent call last):
  File "/nas/longleaf/home/mrcole/SBCI_Pipeline//scripts/group_roi_vertices.py", line 146, in <module>
    main()
  File "/nas/longleaf/home/mrcole/SBCI_Pipeline//scripts/group_roi_vertices.py", line 106, in main
    lh_vertices = np.array([stats.mode(lh_labels[mapping[i]])[0][0] for i in range(shape[1])])
IndexError: index 40962 is out of bounds for axis 0 with size 32492
Processing Parcellation: fs_LR.aparc
INFO:root:Number of LH vertices: 2562
INFO:root:Number of RH vertices: 2562
Traceback (most recent call last):
  File "/nas/longleaf/home/mrcole/SBCI_Pipeline//scripts/group_roi_vertices.py", line 146, in <module>
    main()
  File "/nas/longleaf/home/mrcole/SBCI_Pipeline//scripts/group_roi_vertices.py", line 106, in main
    lh_vertices = np.array([stats.mode(lh_labels[mapping[i]])[0][0] for i in range(shape[1])])
IndexError: index 40962 is out of bounds for axis 0 with size 32492
Processing Parcellation: fs_LR.aparc_MSMALL
INFO:root:Number of LH vertices: 2562
INFO:root:Number of RH vertices: 2562
Traceback (most recent call last):
  File "/nas/longleaf/home/mrcole/SBCI_Pipeline//scripts/group_roi_vertices.py", line 146, in <module>
    main()
  File "/nas/longleaf/home/mrcole/SBCI_Pipeline//scripts/group_roi_vertices.py", line 106, in main
    lh_vertices = np.array([stats.mode(lh_labels[mapping[i]])[0][0] for i in range(shape[1])])
IndexError: index 40962 is out of bounds for axis 0 with size 32492
Processing Parcellation: fs_LR.BN_Atlas
INFO:root:Number of LH vertices: 2562
INFO:root:Number of RH vertices: 2562
Traceback (most recent call last):
  File "/nas/longleaf/home/mrcole/SBCI_Pipeline//scripts/group_roi_vertices.py", line 146, in <module>
    main()
  File "/nas/longleaf/home/mrcole/SBCI_Pipeline//scripts/group_roi_vertices.py", line 106, in main
    lh_vertices = np.array([stats.mode(lh_labels[mapping[i]])[0][0] for i in range(shape[1])])
IndexError: index 40962 is out of bounds for axis 0 with size 32492
Processing Parcellation: fs_LR.BN_Atlas_MSMALL
INFO:root:Number of LH vertices: 2562
INFO:root:Number of RH vertices: 2562
Traceback (most recent call last):
  File "/nas/longleaf/home/mrcole/SBCI_Pipeline//scripts/group_roi_vertices.py", line 146, in <module>
    main()
  File "/nas/longleaf/home/mrcole/SBCI_Pipeline//scripts/group_roi_vertices.py", line 106, in main
    lh_vertices = np.array([stats.mode(lh_labels[mapping[i]])[0][0] for i in range(shape[1])])
IndexError: index 40962 is out of bounds for axis 0 with size 32492
Processing Parcellation: fs_LR.HCPMMP1_MSMALL
INFO:root:Number of LH vertices: 2562
INFO:root:Number of RH vertices: 2562
Traceback (most recent call last):
  File "/nas/longleaf/home/mrcole/SBCI_Pipeline//scripts/group_roi_vertices.py", line 146, in <module>
    main()
  File "/nas/longleaf/home/mrcole/SBCI_Pipeline//scripts/group_roi_vertices.py", line 106, in main
    lh_vertices = np.array([stats.mode(lh_labels[mapping[i]])[0][0] for i in range(shape[1])])
IndexError: index 40962 is out of bounds for axis 0 with size 32492
Processing Parcellation: fs_LR.oasis.chubs
INFO:root:Number of LH vertices: 2562
INFO:root:Number of RH vertices: 2562
Traceback (most recent call last):
  File "/nas/longleaf/home/mrcole/SBCI_Pipeline//scripts/group_roi_vertices.py", line 146, in <module>
    main()
  File "/nas/longleaf/home/mrcole/SBCI_Pipeline//scripts/group_roi_vertices.py", line 106, in main
    lh_vertices = np.array([stats.mode(lh_labels[mapping[i]])[0][0] for i in range(shape[1])])
IndexError: index 40962 is out of bounds for axis 0 with size 32492
Processing Parcellation: fs_LR.oasis.chubs_MSMALL
INFO:root:Number of LH vertices: 2562
INFO:root:Number of RH vertices: 2562
Traceback (most recent call last):
  File "/nas/longleaf/home/mrcole/SBCI_Pipeline//scripts/group_roi_vertices.py", line 146, in <module>
    main()
  File "/nas/longleaf/home/mrcole/SBCI_Pipeline//scripts/group_roi_vertices.py", line 106, in main
    lh_vertices = np.array([stats.mode(lh_labels[mapping[i]])[0][0] for i in range(shape[1])])
IndexError: index 40962 is out of bounds for axis 0 with size 32492
Processing Parcellation: fs_LR.PALS_B12_Brodmann
INFO:root:Number of LH vertices: 2562
INFO:root:Number of RH vertices: 2562
Traceback (most recent call last):
  File "/nas/longleaf/home/mrcole/SBCI_Pipeline//scripts/group_roi_vertices.py", line 146, in <module>
    main()
  File "/nas/longleaf/home/mrcole/SBCI_Pipeline//scripts/group_roi_vertices.py", line 106, in main
    lh_vertices = np.array([stats.mode(lh_labels[mapping[i]])[0][0] for i in range(shape[1])])
IndexError: index 40962 is out of bounds for axis 0 with size 32492
Processing Parcellation: fs_LR.PALS_B12_Brodmann_MSMALL
INFO:root:Number of LH vertices: 2562
INFO:root:Number of RH vertices: 2562
Traceback (most recent call last):
  File "/nas/longleaf/home/mrcole/SBCI_Pipeline//scripts/group_roi_vertices.py", line 146, in <module>
    main()
  File "/nas/longleaf/home/mrcole/SBCI_Pipeline//scripts/group_roi_vertices.py", line 106, in main
    lh_vertices = np.array([stats.mode(lh_labels[mapping[i]])[0][0] for i in range(shape[1])])
IndexError: index 40962 is out of bounds for axis 0 with size 32492
Processing Parcellation: fs_LR.PALS_B12_Lobes
INFO:root:Number of LH vertices: 2562
INFO:root:Number of RH vertices: 2562
Traceback (most recent call last):
  File "/nas/longleaf/home/mrcole/SBCI_Pipeline//scripts/group_roi_vertices.py", line 146, in <module>
    main()
  File "/nas/longleaf/home/mrcole/SBCI_Pipeline//scripts/group_roi_vertices.py", line 106, in main
    lh_vertices = np.array([stats.mode(lh_labels[mapping[i]])[0][0] for i in range(shape[1])])
IndexError: index 40962 is out of bounds for axis 0 with size 32492
Processing Parcellation: fs_LR.PALS_B12_Lobes_MSMALL
INFO:root:Number of LH vertices: 2562
INFO:root:Number of RH vertices: 2562
Traceback (most recent call last):
  File "/nas/longleaf/home/mrcole/SBCI_Pipeline//scripts/group_roi_vertices.py", line 146, in <module>
    main()
  File "/nas/longleaf/home/mrcole/SBCI_Pipeline//scripts/group_roi_vertices.py", line 106, in main
    lh_vertices = np.array([stats.mode(lh_labels[mapping[i]])[0][0] for i in range(shape[1])])
IndexError: index 40962 is out of bounds for axis 0 with size 32492
Processing Parcellation: fs_LR.PALS_B12_OrbitoFrontal
INFO:root:Number of LH vertices: 2562
INFO:root:Number of RH vertices: 2562
Traceback (most recent call last):
  File "/nas/longleaf/home/mrcole/SBCI_Pipeline//scripts/group_roi_vertices.py", line 146, in <module>
    main()
  File "/nas/longleaf/home/mrcole/SBCI_Pipeline//scripts/group_roi_vertices.py", line 106, in main
    lh_vertices = np.array([stats.mode(lh_labels[mapping[i]])[0][0] for i in range(shape[1])])
IndexError: index 40962 is out of bounds for axis 0 with size 32492
Processing Parcellation: fs_LR.PALS_B12_OrbitoFrontal_MSMALL
INFO:root:Number of LH vertices: 2562
INFO:root:Number of RH vertices: 2562
Traceback (most recent call last):
  File "/nas/longleaf/home/mrcole/SBCI_Pipeline//scripts/group_roi_vertices.py", line 146, in <module>
    main()
  File "/nas/longleaf/home/mrcole/SBCI_Pipeline//scripts/group_roi_vertices.py", line 106, in main
    lh_vertices = np.array([stats.mode(lh_labels[mapping[i]])[0][0] for i in range(shape[1])])
IndexError: index 40962 is out of bounds for axis 0 with size 32492
Processing Parcellation: fs_LR.PALS_B12_Visuotopic
INFO:root:Number of LH vertices: 2562
INFO:root:Number of RH vertices: 2562
Traceback (most recent call last):
  File "/nas/longleaf/home/mrcole/SBCI_Pipeline//scripts/group_roi_vertices.py", line 146, in <module>
    main()
  File "/nas/longleaf/home/mrcole/SBCI_Pipeline//scripts/group_roi_vertices.py", line 106, in main
    lh_vertices = np.array([stats.mode(lh_labels[mapping[i]])[0][0] for i in range(shape[1])])
IndexError: index 40962 is out of bounds for axis 0 with size 32492
Processing Parcellation: fs_LR.PALS_B12_Visuotopic_MSMALL
INFO:root:Number of LH vertices: 2562
INFO:root:Number of RH vertices: 2562
Traceback (most recent call last):
  File "/nas/longleaf/home/mrcole/SBCI_Pipeline//scripts/group_roi_vertices.py", line 146, in <module>
    main()
  File "/nas/longleaf/home/mrcole/SBCI_Pipeline//scripts/group_roi_vertices.py", line 106, in main
    lh_vertices = np.array([stats.mode(lh_labels[mapping[i]])[0][0] for i in range(shape[1])])
IndexError: index 40962 is out of bounds for axis 0 with size 32492
Processing Parcellation: fs_LR.Yeo2011_17Networks_N1000
INFO:root:Number of LH vertices: 2562
INFO:root:Number of RH vertices: 2562
Traceback (most recent call last):
  File "/nas/longleaf/home/mrcole/SBCI_Pipeline//scripts/group_roi_vertices.py", line 146, in <module>
    main()
  File "/nas/longleaf/home/mrcole/SBCI_Pipeline//scripts/group_roi_vertices.py", line 106, in main
    lh_vertices = np.array([stats.mode(lh_labels[mapping[i]])[0][0] for i in range(shape[1])])
IndexError: index 40962 is out of bounds for axis 0 with size 32492
Processing Parcellation: fs_LR.Yeo2011_17Networks_N1000_MSMALL
INFO:root:Number of LH vertices: 2562
INFO:root:Number of RH vertices: 2562
Traceback (most recent call last):
  File "/nas/longleaf/home/mrcole/SBCI_Pipeline//scripts/group_roi_vertices.py", line 146, in <module>
    main()
  File "/nas/longleaf/home/mrcole/SBCI_Pipeline//scripts/group_roi_vertices.py", line 106, in main
    lh_vertices = np.array([stats.mode(lh_labels[mapping[i]])[0][0] for i in range(shape[1])])
IndexError: index 40962 is out of bounds for axis 0 with size 32492
Processing Parcellation: fs_LR.Yeo2011_7Networks_N1000
INFO:root:Number of LH vertices: 2562
INFO:root:Number of RH vertices: 2562
Traceback (most recent call last):
  File "/nas/longleaf/home/mrcole/SBCI_Pipeline//scripts/group_roi_vertices.py", line 146, in <module>
    main()
  File "/nas/longleaf/home/mrcole/SBCI_Pipeline//scripts/group_roi_vertices.py", line 106, in main
    lh_vertices = np.array([stats.mode(lh_labels[mapping[i]])[0][0] for i in range(shape[1])])
IndexError: index 40962 is out of bounds for axis 0 with size 32492
Processing Parcellation: fs_LR.Yeo2011_7Networks_N1000_MSMALL
INFO:root:Number of LH vertices: 2562
INFO:root:Number of RH vertices: 2562
Traceback (most recent call last):
  File "/nas/longleaf/home/mrcole/SBCI_Pipeline//scripts/group_roi_vertices.py", line 146, in <module>
    main()
  File "/nas/longleaf/home/mrcole/SBCI_Pipeline//scripts/group_roi_vertices.py", line 106, in main
    lh_vertices = np.array([stats.mode(lh_labels[mapping[i]])[0][0] for i in range(shape[1])])
IndexError: index 40962 is out of bounds for axis 0 with size 32492
Processing Parcellation: HCPMMP1
INFO:root:Overwriting "/pine/scr/m/r/mrcole/ABCD/SBCI_AVG//HCPMMP1_avg_roi_ico4.npz".
INFO:root:Overwriting "/pine/scr/m/r/mrcole/ABCD/SBCI_AVG//HCPMMP1_avg_roi_ico4.npz".
INFO:root:Number of LH vertices: 2562
INFO:root:Number of RH vertices: 2562
INFO:root:Number of LH ROIs: 181
INFO:root:Number of RH ROIs: 181
Processing Parcellation: oasis.chubs
INFO:root:Overwriting "/pine/scr/m/r/mrcole/ABCD/SBCI_AVG//oasis.chubs_avg_roi_ico4.npz".
INFO:root:Overwriting "/pine/scr/m/r/mrcole/ABCD/SBCI_AVG//oasis.chubs_avg_roi_ico4.npz".
INFO:root:Number of LH vertices: 2562
INFO:root:Number of RH vertices: 2562
INFO:root:Number of LH ROIs: 9
INFO:root:Number of RH ROIs: 9
Processing Parcellation: PALS_B12_Brodmann
INFO:root:Overwriting "/pine/scr/m/r/mrcole/ABCD/SBCI_AVG//PALS_B12_Brodmann_avg_roi_ico4.npz".
INFO:root:Overwriting "/pine/scr/m/r/mrcole/ABCD/SBCI_AVG//PALS_B12_Brodmann_avg_roi_ico4.npz".
INFO:root:Number of LH vertices: 2562
INFO:root:Number of RH vertices: 2562
INFO:root:Number of LH ROIs: 42
INFO:root:Number of RH ROIs: 41
Processing Parcellation: PALS_B12_Lobes
INFO:root:Overwriting "/pine/scr/m/r/mrcole/ABCD/SBCI_AVG//PALS_B12_Lobes_avg_roi_ico4.npz".
INFO:root:Overwriting "/pine/scr/m/r/mrcole/ABCD/SBCI_AVG//PALS_B12_Lobes_avg_roi_ico4.npz".
INFO:root:Number of LH vertices: 2562
INFO:root:Number of RH vertices: 2562
INFO:root:Number of LH ROIs: 6
INFO:root:Number of RH ROIs: 6
Processing Parcellation: PALS_B12_OrbitoFrontal
INFO:root:Overwriting "/pine/scr/m/r/mrcole/ABCD/SBCI_AVG//PALS_B12_OrbitoFrontal_avg_roi_ico4.npz".
INFO:root:Overwriting "/pine/scr/m/r/mrcole/ABCD/SBCI_AVG//PALS_B12_OrbitoFrontal_avg_roi_ico4.npz".
INFO:root:Number of LH vertices: 2562
INFO:root:Number of RH vertices: 2562
INFO:root:Number of LH ROIs: 24
INFO:root:Number of RH ROIs: 25
Processing Parcellation: PALS_B12_Visuotopic
INFO:root:Overwriting "/pine/scr/m/r/mrcole/ABCD/SBCI_AVG//PALS_B12_Visuotopic_avg_roi_ico4.npz".
INFO:root:Overwriting "/pine/scr/m/r/mrcole/ABCD/SBCI_AVG//PALS_B12_Visuotopic_avg_roi_ico4.npz".
INFO:root:Number of LH vertices: 2562
INFO:root:Number of RH vertices: 2562
INFO:root:Number of LH ROIs: 13
INFO:root:Number of RH ROIs: 13
Processing Parcellation: Schaefer2018_200Parcels_7Networks_order
INFO:root:Overwriting "/pine/scr/m/r/mrcole/ABCD/SBCI_AVG//Schaefer2018_200Parcels_7Networks_order_avg_roi_ico4.npz".
INFO:root:Overwriting "/pine/scr/m/r/mrcole/ABCD/SBCI_AVG//Schaefer2018_200Parcels_7Networks_order_avg_roi_ico4.npz".
INFO:root:Number of LH vertices: 2562
INFO:root:Number of RH vertices: 2562
INFO:root:Number of LH ROIs: 101
INFO:root:Number of RH ROIs: 101
Processing Parcellation: Yeo2011_17Networks_N1000
INFO:root:Overwriting "/pine/scr/m/r/mrcole/ABCD/SBCI_AVG//Yeo2011_17Networks_N1000_avg_roi_ico4.npz".
INFO:root:Overwriting "/pine/scr/m/r/mrcole/ABCD/SBCI_AVG//Yeo2011_17Networks_N1000_avg_roi_ico4.npz".
INFO:root:Number of LH vertices: 2562
INFO:root:Number of RH vertices: 2562
INFO:root:Number of LH ROIs: 18
INFO:root:Number of RH ROIs: 18
Processing Parcellation: Yeo2011_7Networks_N1000
INFO:root:Overwriting "/pine/scr/m/r/mrcole/ABCD/SBCI_AVG//Yeo2011_7Networks_N1000_avg_roi_ico4.npz".
INFO:root:Overwriting "/pine/scr/m/r/mrcole/ABCD/SBCI_AVG//Yeo2011_7Networks_N1000_avg_roi_ico4.npz".
INFO:root:Number of LH vertices: 2562
INFO:root:Number of RH vertices: 2562
INFO:root:Number of LH ROIs: 8
INFO:root:Number of RH ROIs: 8
Finished processing SBCI grid: Mon Oct 10 15:46:42 EDT 2022
